<?xml version="1.0" encoding="UTF-8"?>
<testsuite xmlns:xsi="http://www.w3.org/2001/XMLSchema-instance" xsi:noNamespaceSchemaLocation="https://maven.apache.org/surefire/maven-surefire-plugin/xsd/surefire-test-report.xsd" name="LoginUserTest" time="4.502" tests="4" errors="0" skipped="0" failures="0">
  <properties>
[...]
</properties>
  <testcase name="loginUserWithInvalidEmailTest" classname="LoginUserTest" time="1.204"/>
  <testcase name="loginUserWithInvalidPasswordTest" classname="LoginUserTest" time="1.176"/>
  <testcase name="loginUserWithValidDataTest" classname="LoginUserTest" time="1.096"/>
  <testcase name="loginUserWithInvalidDataTest" classname="LoginUserTest" time="1.018"/>
</testsuite>