<?xml version="1.0" encoding="UTF-8"?>
<testsuite xmlns:xsi="http://www.w3.org/2001/XMLSchema-instance" xsi:noNamespaceSchemaLocation="https://maven.apache.org/surefire/maven-surefire-plugin/xsd/surefire-test-report.xsd" name="CreateUserTest" time="3.729" tests="5" errors="0" skipped="0" failures="1">
  <properties>
[...]
</properties>
  <testcase name="createUserWithoutEmailTest" classname="CreateUserTest" time="0.456"/>
  <testcase name="createExistingUserTest" classname="CreateUserTest" time="1.315">
    <failure message="1 expectation failed.&#10;JSON path message doesn&apos;t match.&#10;Expected: api.model.User already exists&#10;  Actual: User already exists&#10;" type="java.lang.AssertionError">java.lang.AssertionError: 
1 expectation failed.
JSON path message doesn't match.
Expected: api.model.User already exists
  Actual: User already exists

	at CreateUserTest.createExistingUserTest(CreateUserTest.java:37)
</failure>
    <system-out><![CDATA[HTTP/1.1 200 OK
Date: Wed, 05 Apr 2023 18:10:10 GMT
Content-Type: application/json; charset=utf-8
Transfer-Encoding: chunked
Connection: keep-alive
X-Powered-By: Express
Access-Control-Allow-Origin: *
ETag: W/"16d-QZOZdUyeUPAWO3/m7U+Nt0e5B5E"
CF-Cache-Status: DYNAMIC
Report-To: {"endpoints":[{"url":"https:\/\/a.nel.cloudflare.com\/report\/v3?s=oc2d2ZBb0YBKmNxW4C6%2BkWD26IeML1AWAo%2FbO7eR7dLApd2jnKNAhaju3%2F%2Bo%2FlllbaxyYGHDEn9MnWKc%2BLD4c4Yw0wbzsakqNJZkVkOwSf36UK%2Fz9rzE0Gs%2F%2FL9AdSyPSP823FgJm8smhADjF9rKNFe%2FpG8%3D"}],"group":"cf-nel","max_age":604800}
NEL: {"success_fraction":0,"report_to":"cf-nel","max_age":604800}
Server: cloudflare
CF-RAY: 7b33bf0eea637903-DME
Content-Encoding: gzip
alt-svc: h3=":443"; ma=86400, h3-29=":443"; ma=86400

{
    "success": true,
    "accessToken": "Bearer eyJhbGciOiJIUzI1NiIsInR5cCI6IkpXVCJ9.eyJpZCI6IjY0MmRiOTgyOWVkMjgwMDAxYjJmZmFkNCIsImlhdCI6MTY4MDcxODIxMCwiZXhwIjoxNjgwNzE5NDEwfQ.2P0C_OB4jcPwgiu65D6q_ZLXue2HJQqwAVu-6-uJjG4",
    "refreshToken": "4206420015a1fa198e4b07100e721428013bb7900b3d7454a7375cee48b5797420dad2d1a78b4dac",
    "user": {
        "email": "kntlxiep@gmail.com",
        "name": "FdMYMcYh"
    }
}
HTTP/1.1 200 OK
Date: Wed, 05 Apr 2023 18:10:10 GMT
Content-Type: application/json; charset=utf-8
Transfer-Encoding: chunked
Connection: keep-alive
X-Powered-By: Express
Access-Control-Allow-Origin: *
ETag: W/"16d-kYtQuvuw44fKuOIeopmy/gkyx1Y"
CF-Cache-Status: DYNAMIC
Report-To: {"endpoints":[{"url":"https:\/\/a.nel.cloudflare.com\/report\/v3?s=57078iLFPueW8R7DcK085K0rVfk3QVe%2FRpxQ6mKyTKUigcjIdqWQaGXxngmWetM2EGLNzlzcW6vVH26SmXePtBovFOJAyeUkzf2YZHVyAtvyz4f8O3%2F643Jk6R2aEGwoqTu%2B6y16TCEHt2yyDHwlnjgMFYA%3D"}],"group":"cf-nel","max_age":604800}
NEL: {"success_fraction":0,"report_to":"cf-nel","max_age":604800}
Server: cloudflare
CF-RAY: 7b33bf10ac1c7b4f-DME
Content-Encoding: gzip
alt-svc: h3=":443"; ma=86400, h3-29=":443"; ma=86400

{
    "success": true,
    "accessToken": "Bearer eyJhbGciOiJIUzI1NiIsInR5cCI6IkpXVCJ9.eyJpZCI6IjY0MmRiOTgyOWVkMjgwMDAxYjJmZmFkNCIsImlhdCI6MTY4MDcxODIxMCwiZXhwIjoxNjgwNzE5NDEwfQ.2P0C_OB4jcPwgiu65D6q_ZLXue2HJQqwAVu-6-uJjG4",
    "refreshToken": "aaf493885b4235f06a35ea2a9bd75103688ed3c9058ab238c3f42b3ae170f0d195b149f17549306f",
    "user": {
        "email": "kntlxiep@gmail.com",
        "name": "FdMYMcYh"
    }
}
]]></system-out>
  </testcase>
  <testcase name="createUserWithoutNameTest" classname="CreateUserTest" time="0.382"/>
  <testcase name="createUserTest" classname="CreateUserTest" time="1.143"/>
  <testcase name="createUserWithoutPasswordTest" classname="CreateUserTest" time="0.424"/>
</testsuite>